<?xml version="1.0" encoding="UTF-8"?>
<!-- Generated by org.testng.reporters.JUnitReportReporter -->
<testsuite hostname="Gayatri-LP" failures="0" tests="7" name="restapi.tests.GetCarsAPITest" time="1.256" errors="0" timestamp="2023-02-24T17:41:10 PST" skipped="0">
  <testcase classname="restapi.tests.GetCarsAPITest" name="validateContentEncoding" time="0.002"/>
  <system-out/>
  <testcase classname="restapi.tests.GetCarsAPITest" name="validateContentType" time="0.001"/>
  <system-out/>
  <testcase classname="restapi.tests.GetCarsAPITest" name="getLowestRentalCars" time="0.280"/>
  <system-out/>
  <testcase classname="restapi.tests.GetCarsAPITest" name="getCarsAPITest" time="0.956"/>
  <system-out/>
  <testcase classname="restapi.tests.GetCarsAPITest" name="printCars" time="0.007"/>
  <system-out/>
  <testcase classname="restapi.tests.GetCarsAPITest" name="validateStatusCode" time="0.001"/>
  <system-out/>
  <testcase classname="restapi.tests.GetCarsAPITest" name="highestRevenueCar" time="0.009"/>
  <system-out/>
</testsuite> <!-- restapi.tests.GetCarsAPITest -->
