<?xml version="1.0" encoding="UTF-8"?>
<!-- Generated by org.testng.reporters.JUnitReportReporter -->
<testsuite hostname="Gayatri-LP" failures="0" tests="5" name="restapi.tests.GetCarsAPITest" time="1.154" errors="0" timestamp="2023-02-24T16:20:14 PST" skipped="0">
  <testcase classname="restapi.tests.GetCarsAPITest" name="validateStatusCode" time="0.000"/>
  <system-out/>
  <testcase classname="restapi.tests.GetCarsAPITest" name="validateContentEncoding" time="0.000"/>
  <system-out/>
  <testcase classname="restapi.tests.GetCarsAPITest" name="printCars" time="0.244"/>
  <system-out/>
  <testcase classname="restapi.tests.GetCarsAPITest" name="getCarsAPITest" time="0.909"/>
  <system-out/>
  <testcase classname="restapi.tests.GetCarsAPITest" name="validateContentType" time="0.001"/>
  <system-out/>
</testsuite> <!-- restapi.tests.GetCarsAPITest -->
